<?xml version="1.0" encoding="UTF-8"?>
<coverage generated="1704550213169" clover="3.2.0">
  <project timestamp="1704550213169" name="All files">
    <metrics statements="4" coveredstatements="4" conditionals="2" coveredconditionals="2" methods="2" coveredmethods="2" elements="8" coveredelements="8" complexity="0" loc="4" ncloc="4" packages="1" files="1" classes="1"/>
    <file name="ErrorRepository.js" path="/Users/kaimac/Desktop/container_map/src/js/ErrorRepository.js">
      <metrics statements="4" coveredstatements="4" conditionals="2" coveredconditionals="2" methods="2" coveredmethods="2"/>
      <line num="3" count="2" type="stmt"/>
      <line num="11" count="2" type="cond" truecount="2" falsecount="0"/>
      <line num="12" count="1" type="stmt"/>
      <line num="14" count="1" type="stmt"/>
    </file>
  </project>
</coverage>
